<?xml version="1.0" encoding="UTF-8"?>
<testsuite xmlns:xsi="http://www.w3.org/2001/XMLSchema-instance" xsi:noNamespaceSchemaLocation="https://maven.apache.org/surefire/maven-surefire-plugin/xsd/surefire-test-report-3.0.xsd" version="3.0" name="com.elducche.mdd.repository.ThemeRepositoryTest" time="2.773" tests="4" errors="0" skipped="0" failures="0">
  <properties>
[...]
</properties>
  <testcase name="shouldReturnEmptyIfTitleNotFound" classname="com.elducche.mdd.repository.ThemeRepositoryTest" time="0.351">
    <system-out><![CDATA[15:52:48.102 [main] INFO org.springframework.test.context.support.AnnotationConfigContextLoaderUtils -- Could not detect default configuration classes for test class [com.elducche.mdd.repository.ThemeRepositoryTest]: ThemeRepositoryTest does not declare any static, non-private, non-final, nested classes annotated with @Configuration.
15:52:48.173 [main] INFO org.springframework.boot.test.context.SpringBootTestContextBootstrapper -- Found @SpringBootConfiguration com.elducche.mdd.MddApplication for test class com.elducche.mdd.repository.ThemeRepositoryTest

  .   ____          _            __ _ _
 /\\ / ___'_ __ _ _(_)_ __  __ _ \ \ \ \
( ( )\___ | '_ | '_| | '_ \/ _` | \ \ \ \
 \\/  ___)| |_)| | | | | || (_| |  ) ) ) )
  '  |____| .__|_| |_|_| |_\__, | / / / /
 =========|_|==============|___/=/_/_/_/
&amp#27;[32m :: Spring Boot :: &amp#27;[39m              &amp#27;[2m (v3.2.5)&amp#27;[0;39m

15:52:48.395 [main] INFO  c.e.m.repository.ThemeRepositoryTest - Starting ThemeRepositoryTest using Java 23.0.2 with PID 76961 (started by guillaumeleduc in /Users/guillaumeleduc/Documents/OPC/Projet 6 - MDD/P6-MDD/back/mdd)
15:52:48.397 [main] DEBUG c.e.m.repository.ThemeRepositoryTest - Running with Spring Boot v3.2.5, Spring v6.1.6
15:52:48.398 [main] INFO  c.e.m.repository.ThemeRepositoryTest - The following 1 profile is active: "test"
15:52:48.583 [main] INFO  o.s.d.r.c.RepositoryConfigurationDelegate - Bootstrapping Spring Data JPA repositories in DEFAULT mode.
15:52:48.615 [main] INFO  o.s.d.r.c.RepositoryConfigurationDelegate - Finished Spring Data repository scanning in 29 ms. Found 5 JPA repository interfaces.
15:52:48.639 [main] INFO  o.s.b.t.a.j.TestDatabaseAutoConfiguration$EmbeddedDataSourceBeanFactoryPostProcessor - Replacing 'dataSource' DataSource bean with embedded version
15:52:48.706 [main] INFO  o.s.j.d.e.EmbeddedDatabaseFactory - Starting embedded database: url='jdbc:h2:mem:78be57f4-9038-4915-83e8-cf5c86d31d1f;DB_CLOSE_DELAY=-1;DB_CLOSE_ON_EXIT=false', username='sa'
15:52:48.947 [main] INFO  o.h.jpa.internal.util.LogHelper - HHH000204: Processing PersistenceUnitInfo [name: default]
15:52:48.981 [main] INFO  org.hibernate.Version - HHH000412: Hibernate ORM core version 6.4.4.Final
15:52:49.000 [main] INFO  o.h.c.i.RegionFactoryInitiator - HHH000026: Second-level cache disabled
15:52:49.131 [main] INFO  o.s.o.j.p.SpringPersistenceUnitInfo - No LoadTimeWeaver setup: ignoring JPA class transformer
15:52:49.161 [main] WARN  org.hibernate.orm.deprecation - HHH90000025: H2Dialect does not need to be specified explicitly using 'hibernate.dialect' (remove the property setting and it will be selected by default)
15:52:49.746 [main] INFO  o.h.e.t.j.p.i.JtaPlatformInitiator - HHH000489: No JTA platform available (set 'hibernate.transaction.jta.platform' to enable JTA platform integration)
15:52:49.754 [main] DEBUG org.hibernate.SQL - 
    drop table if exists comments cascade 
Hibernate: 
    drop table if exists comments cascade 
15:52:49.757 [main] DEBUG org.hibernate.SQL - 
    drop table if exists posts cascade 
Hibernate: 
    drop table if exists posts cascade 
15:52:49.757 [main] DEBUG org.hibernate.SQL - 
    drop table if exists subscriptions cascade 
Hibernate: 
    drop table if exists subscriptions cascade 
15:52:49.757 [main] DEBUG org.hibernate.SQL - 
    drop table if exists themes cascade 
Hibernate: 
    drop table if exists themes cascade 
15:52:49.757 [main] DEBUG org.hibernate.SQL - 
    drop table if exists users cascade 
Hibernate: 
    drop table if exists users cascade 
15:52:49.760 [main] DEBUG org.hibernate.SQL - 
    create table comments (
        author_id bigint not null,
        created_at timestamp(6),
        id bigint generated by default as identity,
        post_id bigint not null,
        updated_at timestamp(6),
        content TEXT not null,
        primary key (id)
    )
Hibernate: 
    create table comments (
        author_id bigint not null,
        created_at timestamp(6),
        id bigint generated by default as identity,
        post_id bigint not null,
        updated_at timestamp(6),
        content TEXT not null,
        primary key (id)
    )
15:52:49.765 [main] DEBUG org.hibernate.SQL - 
    create table posts (
        author_id bigint not null,
        created_at timestamp(6),
        id bigint generated by default as identity,
        theme_id bigint not null,
        updated_at timestamp(6),
        content TEXT,
        title varchar(255) not null,
        primary key (id)
    )
Hibernate: 
    create table posts (
        author_id bigint not null,
        created_at timestamp(6),
        id bigint generated by default as identity,
        theme_id bigint not null,
        updated_at timestamp(6),
        content TEXT,
        title varchar(255) not null,
        primary key (id)
    )
15:52:49.765 [main] DEBUG org.hibernate.SQL - 
    create table subscriptions (
        subscribed_at timestamp(6),
        theme_id bigint not null,
        user_id bigint not null,
        primary key (theme_id, user_id)
    )
Hibernate: 
    create table subscriptions (
        subscribed_at timestamp(6),
        theme_id bigint not null,
        user_id bigint not null,
        primary key (theme_id, user_id)
    )
15:52:49.766 [main] DEBUG org.hibernate.SQL - 
    create table themes (
        created_at timestamp(6),
        id bigint generated by default as identity,
        updated_at timestamp(6),
        description TEXT,
        title varchar(255) not null,
        primary key (id)
    )
Hibernate: 
    create table themes (
        created_at timestamp(6),
        id bigint generated by default as identity,
        updated_at timestamp(6),
        description TEXT,
        title varchar(255) not null,
        primary key (id)
    )
15:52:49.767 [main] DEBUG org.hibernate.SQL - 
    create table users (
        created_at timestamp(6),
        id bigint generated by default as identity,
        updated_at timestamp(6),
        email varchar(255) not null unique,
        password varchar(255) not null,
        username varchar(255) not null unique,
        primary key (id)
    )
Hibernate: 
    create table users (
        created_at timestamp(6),
        id bigint generated by default as identity,
        updated_at timestamp(6),
        email varchar(255) not null unique,
        password varchar(255) not null,
        username varchar(255) not null unique,
        primary key (id)
    )
15:52:49.769 [main] DEBUG org.hibernate.SQL - 
    alter table if exists comments 
       add constraint FKn2na60ukhs76ibtpt9burkm27 
       foreign key (author_id) 
       references users
Hibernate: 
    alter table if exists comments 
       add constraint FKn2na60ukhs76ibtpt9burkm27 
       foreign key (author_id) 
       references users
15:52:49.776 [main] DEBUG org.hibernate.SQL - 
    alter table if exists comments 
       add constraint FKh4c7lvsc298whoyd4w9ta25cr 
       foreign key (post_id) 
       references posts
Hibernate: 
    alter table if exists comments 
       add constraint FKh4c7lvsc298whoyd4w9ta25cr 
       foreign key (post_id) 
       references posts
15:52:49.777 [main] DEBUG org.hibernate.SQL - 
    alter table if exists posts 
       add constraint FK6xvn0811tkyo3nfjk2xvqx6ns 
       foreign key (author_id) 
       references users
Hibernate: 
    alter table if exists posts 
       add constraint FK6xvn0811tkyo3nfjk2xvqx6ns 
       foreign key (author_id) 
       references users
15:52:49.777 [main] DEBUG org.hibernate.SQL - 
    alter table if exists posts 
       add constraint FKpvlwa732hkbn743dvsx81krrq 
       foreign key (theme_id) 
       references themes
Hibernate: 
    alter table if exists posts 
       add constraint FKpvlwa732hkbn743dvsx81krrq 
       foreign key (theme_id) 
       references themes
15:52:49.778 [main] DEBUG org.hibernate.SQL - 
    alter table if exists subscriptions 
       add constraint FK6xta1tpjwyg0lw9y5qymb8gly 
       foreign key (theme_id) 
       references themes
Hibernate: 
    alter table if exists subscriptions 
       add constraint FK6xta1tpjwyg0lw9y5qymb8gly 
       foreign key (theme_id) 
       references themes
15:52:49.779 [main] DEBUG org.hibernate.SQL - 
    alter table if exists subscriptions 
       add constraint FKhro52ohfqfbay9774bev0qinr 
       foreign key (user_id) 
       references users
Hibernate: 
    alter table if exists subscriptions 
       add constraint FKhro52ohfqfbay9774bev0qinr 
       foreign key (user_id) 
       references users
15:52:49.781 [main] INFO  o.s.o.j.LocalContainerEntityManagerFactoryBean - Initialized JPA EntityManagerFactory for persistence unit 'default'
15:52:49.955 [main] INFO  o.s.d.j.r.query.QueryEnhancerFactory - Hibernate is in classpath; If applicable, HQL parser will be used.
15:52:50.382 [main] INFO  c.e.m.repository.ThemeRepositoryTest - Started ThemeRepositoryTest in 2.176 seconds (process running for 2.833)
15:52:50.719 [main] DEBUG org.hibernate.SQL - 
    select
        t1_0.id,
        t1_0.created_at,
        t1_0.description,
        t1_0.title,
        t1_0.updated_at 
    from
        themes t1_0 
    where
        t1_0.title=?
Hibernate: 
    select
        t1_0.id,
        t1_0.created_at,
        t1_0.description,
        t1_0.title,
        t1_0.updated_at 
    from
        themes t1_0 
    where
        t1_0.title=?
]]></system-out>
    <system-err><![CDATA[WARNING: A Java agent has been loaded dynamically (/Users/guillaumeleduc/.m2/repository/net/bytebuddy/byte-buddy-agent/1.14.13/byte-buddy-agent-1.14.13.jar)
WARNING: If a serviceability tool is in use, please run with -XX:+EnableDynamicAgentLoading to hide this warning
WARNING: If a serviceability tool is not in use, please run with -Djdk.instrument.traceUsage for more information
WARNING: Dynamic loading of agents will be disallowed by default in a future release
]]></system-err>
  </testcase>
  <testcase name="shouldSaveTheme" classname="com.elducche.mdd.repository.ThemeRepositoryTest" time="0.025">
    <system-out><![CDATA[15:52:50.754 [main] DEBUG org.hibernate.SQL - 
    insert 
    into
        themes
        (created_at, description, title, updated_at, id) 
    values
        (?, ?, ?, ?, default)
Hibernate: 
    insert 
    into
        themes
        (created_at, description, title, updated_at, id) 
    values
        (?, ?, ?, ?, default)
]]></system-out>
  </testcase>
  <testcase name="shouldDeleteTheme" classname="com.elducche.mdd.repository.ThemeRepositoryTest" time="0.013">
    <system-out><![CDATA[15:52:50.764 [main] DEBUG org.hibernate.SQL - 
    insert 
    into
        themes
        (created_at, description, title, updated_at, id) 
    values
        (?, ?, ?, ?, default)
Hibernate: 
    insert 
    into
        themes
        (created_at, description, title, updated_at, id) 
    values
        (?, ?, ?, ?, default)
]]></system-out>
  </testcase>
  <testcase name="shouldFindThemeByTitle" classname="com.elducche.mdd.repository.ThemeRepositoryTest" time="0.005">
    <system-out><![CDATA[15:52:50.778 [main] DEBUG org.hibernate.SQL - 
    insert 
    into
        themes
        (created_at, description, title, updated_at, id) 
    values
        (?, ?, ?, ?, default)
Hibernate: 
    insert 
    into
        themes
        (created_at, description, title, updated_at, id) 
    values
        (?, ?, ?, ?, default)
15:52:50.780 [main] DEBUG org.hibernate.SQL - 
    select
        t1_0.id,
        t1_0.created_at,
        t1_0.description,
        t1_0.title,
        t1_0.updated_at 
    from
        themes t1_0 
    where
        t1_0.title=?
Hibernate: 
    select
        t1_0.id,
        t1_0.created_at,
        t1_0.description,
        t1_0.title,
        t1_0.updated_at 
    from
        themes t1_0 
    where
        t1_0.title=?
]]></system-out>
  </testcase>
</testsuite>