<?xml version="1.0" encoding="UTF-8"?>
<testsuite xmlns:xsi="http://www.w3.org/2001/XMLSchema-instance" xsi:noNamespaceSchemaLocation="https://maven.apache.org/surefire/maven-surefire-plugin/xsd/surefire-test-report-3.0.xsd" version="3.0" name="com.elducche.mdd.MddApplicationTests" time="4.495" tests="2" errors="0" skipped="0" failures="0">
  <properties>
[...]
</properties>
  <testcase name="applicationPropertiesAreLoaded" classname="com.elducche.mdd.MddApplicationTests" time="0.065">
    <system-out><![CDATA[15:34:38.397 [main] INFO  o.s.t.c.s.AnnotationConfigContextLoaderUtils - Could not detect default configuration classes for test class [com.elducche.mdd.MddApplicationTests]: MddApplicationTests does not declare any static, non-private, non-final, nested classes annotated with @Configuration.
15:34:38.419 [main] INFO  o.s.b.t.c.SpringBootTestContextBootstrapper - Found @SpringBootConfiguration com.elducche.mdd.MddApplication for test class com.elducche.mdd.MddApplicationTests

  .   ____          _            __ _ _
 /\\ / ___'_ __ _ _(_)_ __  __ _ \ \ \ \
( ( )\___ | '_ | '_| | '_ \/ _` | \ \ \ \
 \\/  ___)| |_)| | | | | || (_| |  ) ) ) )
  '  |____| .__|_| |_|_| |_\__, | / / / /
 =========|_|==============|___/=/_/_/_/
 :: Spring Boot ::                (v3.2.5)

15:34:38.532 [main] INFO  c.elducche.mdd.MddApplicationTests - Starting MddApplicationTests using Java 21.0.8 with PID 90178 (started by codespace in /workspaces/P6-MDD/back/mdd)
15:34:38.534 [main] DEBUG c.elducche.mdd.MddApplicationTests - Running with Spring Boot v3.2.5, Spring v6.1.6
15:34:38.534 [main] INFO  c.elducche.mdd.MddApplicationTests - The following 1 profile is active: "test"
15:34:39.138 [main] INFO  o.s.d.r.c.RepositoryConfigurationDelegate - Bootstrapping Spring Data JPA repositories in DEFAULT mode.
15:34:39.160 [main] INFO  o.s.d.r.c.RepositoryConfigurationDelegate - Finished Spring Data repository scanning in 21 ms. Found 5 JPA repository interfaces.
15:34:39.553 [main] INFO  o.h.jpa.internal.util.LogHelper - HHH000204: Processing PersistenceUnitInfo [name: default]
15:34:39.555 [main] INFO  o.h.c.i.RegionFactoryInitiator - HHH000026: Second-level cache disabled
15:34:39.559 [main] INFO  o.s.o.j.p.SpringPersistenceUnitInfo - No LoadTimeWeaver setup: ignoring JPA class transformer
15:34:39.561 [main] INFO  com.zaxxer.hikari.HikariDataSource - HikariPool-1 - Starting...
15:34:39.616 [main] INFO  com.zaxxer.hikari.pool.HikariPool - HikariPool-1 - Added connection conn40: url=jdbc:h2:mem:testdb user=SA
15:34:39.618 [main] INFO  com.zaxxer.hikari.HikariDataSource - HikariPool-1 - Start completed.
15:34:39.631 [main] WARN  org.hibernate.orm.deprecation - HHH90000025: H2Dialect does not need to be specified explicitly using 'hibernate.dialect' (remove the property setting and it will be selected by default)
15:34:39.827 [main] INFO  o.h.e.t.j.p.i.JtaPlatformInitiator - HHH000489: No JTA platform available (set 'hibernate.transaction.jta.platform' to enable JTA platform integration)
15:34:39.827 [main] DEBUG org.hibernate.SQL - 
    drop table if exists comments cascade 
Hibernate: 
    drop table if exists comments cascade 
15:34:39.829 [main] DEBUG org.hibernate.SQL - 
    drop table if exists posts cascade 
Hibernate: 
    drop table if exists posts cascade 
15:34:39.829 [main] DEBUG org.hibernate.SQL - 
    drop table if exists subscriptions cascade 
Hibernate: 
    drop table if exists subscriptions cascade 
15:34:39.829 [main] DEBUG org.hibernate.SQL - 
    drop table if exists themes cascade 
Hibernate: 
    drop table if exists themes cascade 
15:34:39.830 [main] DEBUG org.hibernate.SQL - 
    drop table if exists users cascade 
Hibernate: 
    drop table if exists users cascade 
15:34:39.832 [main] DEBUG org.hibernate.SQL - 
    create table comments (
        author_id bigint not null,
        created_at timestamp(6),
        id bigint generated by default as identity,
        post_id bigint not null,
        updated_at timestamp(6),
        content TEXT not null,
        primary key (id)
    )
Hibernate: 
    create table comments (
        author_id bigint not null,
        created_at timestamp(6),
        id bigint generated by default as identity,
        post_id bigint not null,
        updated_at timestamp(6),
        content TEXT not null,
        primary key (id)
    )
15:34:39.833 [main] DEBUG org.hibernate.SQL - 
    create table posts (
        author_id bigint not null,
        created_at timestamp(6),
        id bigint generated by default as identity,
        theme_id bigint not null,
        updated_at timestamp(6),
        content TEXT,
        title varchar(255) not null,
        primary key (id)
    )
Hibernate: 
    create table posts (
        author_id bigint not null,
        created_at timestamp(6),
        id bigint generated by default as identity,
        theme_id bigint not null,
        updated_at timestamp(6),
        content TEXT,
        title varchar(255) not null,
        primary key (id)
    )
15:34:39.835 [main] DEBUG org.hibernate.SQL - 
    create table subscriptions (
        subscribed_at timestamp(6),
        theme_id bigint not null,
        user_id bigint not null,
        primary key (theme_id, user_id)
    )
Hibernate: 
    create table subscriptions (
        subscribed_at timestamp(6),
        theme_id bigint not null,
        user_id bigint not null,
        primary key (theme_id, user_id)
    )
15:34:39.837 [main] DEBUG org.hibernate.SQL - 
    create table themes (
        created_at timestamp(6),
        id bigint generated by default as identity,
        updated_at timestamp(6),
        description TEXT,
        title varchar(255) not null,
        primary key (id)
    )
Hibernate: 
    create table themes (
        created_at timestamp(6),
        id bigint generated by default as identity,
        updated_at timestamp(6),
        description TEXT,
        title varchar(255) not null,
        primary key (id)
    )
15:34:39.840 [main] DEBUG org.hibernate.SQL - 
    create table users (
        created_at timestamp(6),
        id bigint generated by default as identity,
        updated_at timestamp(6),
        email varchar(255) not null unique,
        password varchar(255) not null,
        username varchar(255) not null unique,
        primary key (id)
    )
Hibernate: 
    create table users (
        created_at timestamp(6),
        id bigint generated by default as identity,
        updated_at timestamp(6),
        email varchar(255) not null unique,
        password varchar(255) not null,
        username varchar(255) not null unique,
        primary key (id)
    )
15:34:39.842 [main] DEBUG org.hibernate.SQL - 
    alter table if exists comments 
       add constraint FKn2na60ukhs76ibtpt9burkm27 
       foreign key (author_id) 
       references users
Hibernate: 
    alter table if exists comments 
       add constraint FKn2na60ukhs76ibtpt9burkm27 
       foreign key (author_id) 
       references users
15:34:39.845 [main] DEBUG org.hibernate.SQL - 
    alter table if exists comments 
       add constraint FKh4c7lvsc298whoyd4w9ta25cr 
       foreign key (post_id) 
       references posts
Hibernate: 
    alter table if exists comments 
       add constraint FKh4c7lvsc298whoyd4w9ta25cr 
       foreign key (post_id) 
       references posts
15:34:39.847 [main] DEBUG org.hibernate.SQL - 
    alter table if exists posts 
       add constraint FK6xvn0811tkyo3nfjk2xvqx6ns 
       foreign key (author_id) 
       references users
Hibernate: 
    alter table if exists posts 
       add constraint FK6xvn0811tkyo3nfjk2xvqx6ns 
       foreign key (author_id) 
       references users
15:34:39.850 [main] DEBUG org.hibernate.SQL - 
    alter table if exists posts 
       add constraint FKpvlwa732hkbn743dvsx81krrq 
       foreign key (theme_id) 
       references themes
Hibernate: 
    alter table if exists posts 
       add constraint FKpvlwa732hkbn743dvsx81krrq 
       foreign key (theme_id) 
       references themes
15:34:39.851 [main] DEBUG org.hibernate.SQL - 
    alter table if exists subscriptions 
       add constraint FK6xta1tpjwyg0lw9y5qymb8gly 
       foreign key (theme_id) 
       references themes
Hibernate: 
    alter table if exists subscriptions 
       add constraint FK6xta1tpjwyg0lw9y5qymb8gly 
       foreign key (theme_id) 
       references themes
15:34:39.852 [main] DEBUG org.hibernate.SQL - 
    alter table if exists subscriptions 
       add constraint FKhro52ohfqfbay9774bev0qinr 
       foreign key (user_id) 
       references users
Hibernate: 
    alter table if exists subscriptions 
       add constraint FKhro52ohfqfbay9774bev0qinr 
       foreign key (user_id) 
       references users
15:34:39.856 [main] INFO  o.s.o.j.LocalContainerEntityManagerFactoryBean - Initialized JPA EntityManagerFactory for persistence unit 'default'
15:34:39.974 [main] INFO  com.elducche.mdd.security.JwtUtil - JWT Util initialisé avec succès
15:34:40.362 [main] WARN  o.s.b.a.o.j.JpaBaseConfiguration$JpaWebConfiguration - spring.jpa.open-in-view is enabled by default. Therefore, database queries may be performed during view rendering. Explicitly configure spring.jpa.open-in-view to disable this warning
15:34:40.393 [main] WARN  o.s.b.a.s.s.UserDetailsServiceAutoConfiguration - 

Using generated security password: 14464736-3890-437d-9d4b-c2e9c50b6d12

This generated password is for development use only. Your security configuration must be updated before running your application in production.

15:34:41.363 [main] INFO  o.s.b.a.h.H2ConsoleAutoConfiguration - H2 console available at '/h2-console'. Database available at 'jdbc:h2:mem:testdb'
15:34:41.462 [main] INFO  c.elducche.mdd.MddApplicationTests - Started MddApplicationTests in 3.019 seconds (process running for 14.992)
15:34:41.515 [main] INFO  o.s.b.t.m.w.SpringBootMockServletContext - Initializing Spring TestDispatcherServlet ''
15:34:41.516 [main] INFO  o.s.t.w.s.TestDispatcherServlet - Initializing Servlet ''
15:34:41.520 [main] INFO  o.s.t.w.s.TestDispatcherServlet - Completed initialization in 4 ms
15:34:41.532 [main] INFO  o.s.o.j.LocalContainerEntityManagerFactoryBean - Closing JPA EntityManagerFactory for persistence unit 'default'
15:34:41.534 [main] DEBUG org.hibernate.SQL - 
    drop table if exists comments cascade 
Hibernate: 
    drop table if exists comments cascade 
15:34:41.536 [main] DEBUG org.hibernate.SQL - 
    drop table if exists posts cascade 
Hibernate: 
    drop table if exists posts cascade 
15:34:41.537 [main] DEBUG org.hibernate.SQL - 
    drop table if exists subscriptions cascade 
Hibernate: 
    drop table if exists subscriptions cascade 
15:34:41.539 [main] DEBUG org.hibernate.SQL - 
    drop table if exists themes cascade 
Hibernate: 
    drop table if exists themes cascade 
15:34:41.540 [main] DEBUG org.hibernate.SQL - 
    drop table if exists users cascade 
Hibernate: 
    drop table if exists users cascade 
15:34:41.544 [main] INFO  com.zaxxer.hikari.HikariDataSource - HikariPool-1 - Shutdown initiated...
15:34:41.546 [main] INFO  com.zaxxer.hikari.HikariDataSource - HikariPool-1 - Shutdown completed.
]]></system-out>
  </testcase>
  <testcase name="contextLoads" classname="com.elducche.mdd.MddApplicationTests" time="0.027">
    <system-out><![CDATA[
  .   ____          _            __ _ _
 /\\ / ___'_ __ _ _(_)_ __  __ _ \ \ \ \
( ( )\___ | '_ | '_| | '_ \/ _` | \ \ \ \
 \\/  ___)| |_)| | | | | || (_| |  ) ) ) )
  '  |____| .__|_| |_|_| |_\__, | / / / /
 =========|_|==============|___/=/_/_/_/
 :: Spring Boot ::                (v3.2.5)

15:34:41.599 [main] INFO  c.elducche.mdd.MddApplicationTests - Starting MddApplicationTests using Java 21.0.8 with PID 90178 (started by codespace in /workspaces/P6-MDD/back/mdd)
15:34:41.599 [main] DEBUG c.elducche.mdd.MddApplicationTests - Running with Spring Boot v3.2.5, Spring v6.1.6
15:34:41.599 [main] INFO  c.elducche.mdd.MddApplicationTests - The following 1 profile is active: "test"
15:34:41.832 [main] INFO  o.s.d.r.c.RepositoryConfigurationDelegate - Bootstrapping Spring Data JPA repositories in DEFAULT mode.
15:34:41.848 [main] INFO  o.s.d.r.c.RepositoryConfigurationDelegate - Finished Spring Data repository scanning in 14 ms. Found 5 JPA repository interfaces.
15:34:41.993 [main] INFO  o.h.jpa.internal.util.LogHelper - HHH000204: Processing PersistenceUnitInfo [name: default]
15:34:41.995 [main] INFO  o.h.c.i.RegionFactoryInitiator - HHH000026: Second-level cache disabled
15:34:42.001 [main] INFO  o.s.o.j.p.SpringPersistenceUnitInfo - No LoadTimeWeaver setup: ignoring JPA class transformer
15:34:42.002 [main] INFO  com.zaxxer.hikari.HikariDataSource - HikariPool-2 - Starting...
15:34:42.004 [main] INFO  com.zaxxer.hikari.pool.HikariPool - HikariPool-2 - Added connection conn50: url=jdbc:h2:mem:testdb user=SA
15:34:42.005 [main] INFO  com.zaxxer.hikari.HikariDataSource - HikariPool-2 - Start completed.
15:34:42.005 [main] WARN  org.hibernate.orm.deprecation - HHH90000025: H2Dialect does not need to be specified explicitly using 'hibernate.dialect' (remove the property setting and it will be selected by default)
15:34:42.261 [main] INFO  o.h.e.t.j.p.i.JtaPlatformInitiator - HHH000489: No JTA platform available (set 'hibernate.transaction.jta.platform' to enable JTA platform integration)
15:34:42.262 [main] DEBUG org.hibernate.SQL - 
    drop table if exists comments cascade 
Hibernate: 
    drop table if exists comments cascade 
15:34:42.262 [main] DEBUG org.hibernate.SQL - 
    drop table if exists posts cascade 
Hibernate: 
    drop table if exists posts cascade 
15:34:42.263 [main] DEBUG org.hibernate.SQL - 
    drop table if exists subscriptions cascade 
Hibernate: 
    drop table if exists subscriptions cascade 
15:34:42.263 [main] DEBUG org.hibernate.SQL - 
    drop table if exists themes cascade 
Hibernate: 
    drop table if exists themes cascade 
15:34:42.263 [main] DEBUG org.hibernate.SQL - 
    drop table if exists users cascade 
Hibernate: 
    drop table if exists users cascade 
15:34:42.269 [main] DEBUG org.hibernate.SQL - 
    create table comments (
        author_id bigint not null,
        created_at timestamp(6),
        id bigint generated by default as identity,
        post_id bigint not null,
        updated_at timestamp(6),
        content TEXT not null,
        primary key (id)
    )
Hibernate: 
    create table comments (
        author_id bigint not null,
        created_at timestamp(6),
        id bigint generated by default as identity,
        post_id bigint not null,
        updated_at timestamp(6),
        content TEXT not null,
        primary key (id)
    )
15:34:42.274 [main] DEBUG org.hibernate.SQL - 
    create table posts (
        author_id bigint not null,
        created_at timestamp(6),
        id bigint generated by default as identity,
        theme_id bigint not null,
        updated_at timestamp(6),
        content TEXT,
        title varchar(255) not null,
        primary key (id)
    )
Hibernate: 
    create table posts (
        author_id bigint not null,
        created_at timestamp(6),
        id bigint generated by default as identity,
        theme_id bigint not null,
        updated_at timestamp(6),
        content TEXT,
        title varchar(255) not null,
        primary key (id)
    )
15:34:42.276 [main] DEBUG org.hibernate.SQL - 
    create table subscriptions (
        subscribed_at timestamp(6),
        theme_id bigint not null,
        user_id bigint not null,
        primary key (theme_id, user_id)
    )
Hibernate: 
    create table subscriptions (
        subscribed_at timestamp(6),
        theme_id bigint not null,
        user_id bigint not null,
        primary key (theme_id, user_id)
    )
15:34:42.277 [main] DEBUG org.hibernate.SQL - 
    create table themes (
        created_at timestamp(6),
        id bigint generated by default as identity,
        updated_at timestamp(6),
        description TEXT,
        title varchar(255) not null,
        primary key (id)
    )
Hibernate: 
    create table themes (
        created_at timestamp(6),
        id bigint generated by default as identity,
        updated_at timestamp(6),
        description TEXT,
        title varchar(255) not null,
        primary key (id)
    )
15:34:42.280 [main] DEBUG org.hibernate.SQL - 
    create table users (
        created_at timestamp(6),
        id bigint generated by default as identity,
        updated_at timestamp(6),
        email varchar(255) not null unique,
        password varchar(255) not null,
        username varchar(255) not null unique,
        primary key (id)
    )
Hibernate: 
    create table users (
        created_at timestamp(6),
        id bigint generated by default as identity,
        updated_at timestamp(6),
        email varchar(255) not null unique,
        password varchar(255) not null,
        username varchar(255) not null unique,
        primary key (id)
    )
15:34:42.281 [main] DEBUG org.hibernate.SQL - 
    alter table if exists comments 
       add constraint FKn2na60ukhs76ibtpt9burkm27 
       foreign key (author_id) 
       references users
Hibernate: 
    alter table if exists comments 
       add constraint FKn2na60ukhs76ibtpt9burkm27 
       foreign key (author_id) 
       references users
15:34:42.285 [main] DEBUG org.hibernate.SQL - 
    alter table if exists comments 
       add constraint FKh4c7lvsc298whoyd4w9ta25cr 
       foreign key (post_id) 
       references posts
Hibernate: 
    alter table if exists comments 
       add constraint FKh4c7lvsc298whoyd4w9ta25cr 
       foreign key (post_id) 
       references posts
15:34:42.289 [main] DEBUG org.hibernate.SQL - 
    alter table if exists posts 
       add constraint FK6xvn0811tkyo3nfjk2xvqx6ns 
       foreign key (author_id) 
       references users
Hibernate: 
    alter table if exists posts 
       add constraint FK6xvn0811tkyo3nfjk2xvqx6ns 
       foreign key (author_id) 
       references users
15:34:42.290 [main] DEBUG org.hibernate.SQL - 
    alter table if exists posts 
       add constraint FKpvlwa732hkbn743dvsx81krrq 
       foreign key (theme_id) 
       references themes
Hibernate: 
    alter table if exists posts 
       add constraint FKpvlwa732hkbn743dvsx81krrq 
       foreign key (theme_id) 
       references themes
15:34:42.293 [main] DEBUG org.hibernate.SQL - 
    alter table if exists subscriptions 
       add constraint FK6xta1tpjwyg0lw9y5qymb8gly 
       foreign key (theme_id) 
       references themes
Hibernate: 
    alter table if exists subscriptions 
       add constraint FK6xta1tpjwyg0lw9y5qymb8gly 
       foreign key (theme_id) 
       references themes
15:34:42.299 [main] DEBUG org.hibernate.SQL - 
    alter table if exists subscriptions 
       add constraint FKhro52ohfqfbay9774bev0qinr 
       foreign key (user_id) 
       references users
Hibernate: 
    alter table if exists subscriptions 
       add constraint FKhro52ohfqfbay9774bev0qinr 
       foreign key (user_id) 
       references users
15:34:42.302 [main] INFO  o.s.o.j.LocalContainerEntityManagerFactoryBean - Initialized JPA EntityManagerFactory for persistence unit 'default'
15:34:42.399 [main] INFO  com.elducche.mdd.security.JwtUtil - JWT Util initialisé avec succès
15:34:42.615 [main] WARN  o.s.b.a.o.j.JpaBaseConfiguration$JpaWebConfiguration - spring.jpa.open-in-view is enabled by default. Therefore, database queries may be performed during view rendering. Explicitly configure spring.jpa.open-in-view to disable this warning
15:34:42.622 [main] WARN  o.s.b.a.s.s.UserDetailsServiceAutoConfiguration - 

Using generated security password: d90163ec-55ff-4180-a981-ee49fe75f864

This generated password is for development use only. Your security configuration must be updated before running your application in production.

15:34:42.799 [main] INFO  o.s.b.a.h.H2ConsoleAutoConfiguration - H2 console available at '/h2-console'. Database available at 'jdbc:h2:mem:testdb'
15:34:42.855 [main] INFO  c.elducche.mdd.MddApplicationTests - Started MddApplicationTests in 1.306 seconds (process running for 16.385)
15:34:42.865 [main] INFO  o.s.b.t.m.w.SpringBootMockServletContext - Initializing Spring TestDispatcherServlet ''
15:34:42.865 [main] INFO  o.s.t.w.s.TestDispatcherServlet - Initializing Servlet ''
15:34:42.866 [main] INFO  o.s.t.w.s.TestDispatcherServlet - Completed initialization in 1 ms
15:34:42.875 [main] INFO  o.s.o.j.LocalContainerEntityManagerFactoryBean - Closing JPA EntityManagerFactory for persistence unit 'default'
15:34:42.875 [main] DEBUG org.hibernate.SQL - 
    drop table if exists comments cascade 
Hibernate: 
    drop table if exists comments cascade 
15:34:42.878 [main] DEBUG org.hibernate.SQL - 
    drop table if exists posts cascade 
Hibernate: 
    drop table if exists posts cascade 
15:34:42.879 [main] DEBUG org.hibernate.SQL - 
    drop table if exists subscriptions cascade 
Hibernate: 
    drop table if exists subscriptions cascade 
15:34:42.879 [main] DEBUG org.hibernate.SQL - 
    drop table if exists themes cascade 
Hibernate: 
    drop table if exists themes cascade 
15:34:42.882 [main] DEBUG org.hibernate.SQL - 
    drop table if exists users cascade 
Hibernate: 
    drop table if exists users cascade 
15:34:42.882 [main] INFO  com.zaxxer.hikari.HikariDataSource - HikariPool-2 - Shutdown initiated...
15:34:42.885 [main] INFO  com.zaxxer.hikari.HikariDataSource - HikariPool-2 - Shutdown completed.
]]></system-out>
  </testcase>
</testsuite>