<?xml version="1.0" encoding="UTF-8"?>
<testsuite xmlns:xsi="http://www.w3.org/2001/XMLSchema-instance" xsi:noNamespaceSchemaLocation="https://maven.apache.org/surefire/maven-surefire-plugin/xsd/surefire-test-report-3.0.xsd" version="3.0" name="com.elducche.mdd.MddApplicationTests" time="10.134" tests="2" errors="0" skipped="0" failures="0">
  <properties>
[...]
</properties>
  <testcase name="applicationPropertiesAreLoaded" classname="com.elducche.mdd.MddApplicationTests" time="0.813">
    <system-out><![CDATA[09:34:05.351 [main] INFO org.springframework.test.context.support.AnnotationConfigContextLoaderUtils -- Could not detect default configuration classes for test class [com.elducche.mdd.MddApplicationTests]: MddApplicationTests does not declare any static, non-private, non-final, nested classes annotated with @Configuration.
09:34:05.482 [main] INFO org.springframework.boot.test.context.SpringBootTestContextBootstrapper -- Found @SpringBootConfiguration com.elducche.mdd.MddApplication for test class com.elducche.mdd.MddApplicationTests

  .   ____          _            __ _ _
 /\\ / ___'_ __ _ _(_)_ __  __ _ \ \ \ \
( ( )\___ | '_ | '_| | '_ \/ _` | \ \ \ \
 \\/  ___)| |_)| | | | | || (_| |  ) ) ) )
  '  |____| .__|_| |_|_| |_\__, | / / / /
 =========|_|==============|___/=/_/_/_/
 :: Spring Boot ::                (v3.2.5)

09:34:06.154 [main] INFO  c.elducche.mdd.MddApplicationTests - Starting MddApplicationTests using Java 21.0.8 with PID 24801 (started by codespace in /workspaces/P6-MDD/back/mdd)
09:34:06.154 [main] DEBUG c.elducche.mdd.MddApplicationTests - Running with Spring Boot v3.2.5, Spring v6.1.6
09:34:06.155 [main] INFO  c.elducche.mdd.MddApplicationTests - The following 1 profile is active: "test"
09:34:07.419 [main] INFO  o.s.d.r.c.RepositoryConfigurationDelegate - Bootstrapping Spring Data JPA repositories in DEFAULT mode.
09:34:07.510 [main] INFO  o.s.d.r.c.RepositoryConfigurationDelegate - Finished Spring Data repository scanning in 84 ms. Found 5 JPA repository interfaces.
09:34:08.280 [main] INFO  o.h.jpa.internal.util.LogHelper - HHH000204: Processing PersistenceUnitInfo [name: default]
09:34:08.336 [main] INFO  org.hibernate.Version - HHH000412: Hibernate ORM core version 6.4.4.Final
09:34:08.368 [main] INFO  o.h.c.i.RegionFactoryInitiator - HHH000026: Second-level cache disabled
09:34:08.656 [main] INFO  o.s.o.j.p.SpringPersistenceUnitInfo - No LoadTimeWeaver setup: ignoring JPA class transformer
09:34:08.682 [main] INFO  com.zaxxer.hikari.HikariDataSource - HikariPool-1 - Starting...
09:34:08.906 [main] INFO  com.zaxxer.hikari.pool.HikariPool - HikariPool-1 - Added connection conn0: url=jdbc:h2:mem:testdb user=SA
09:34:08.908 [main] INFO  com.zaxxer.hikari.HikariDataSource - HikariPool-1 - Start completed.
09:34:08.932 [main] WARN  org.hibernate.orm.deprecation - HHH90000025: H2Dialect does not need to be specified explicitly using 'hibernate.dialect' (remove the property setting and it will be selected by default)
09:34:10.194 [main] INFO  o.h.e.t.j.p.i.JtaPlatformInitiator - HHH000489: No JTA platform available (set 'hibernate.transaction.jta.platform' to enable JTA platform integration)
09:34:10.209 [main] DEBUG org.hibernate.SQL - 
    drop table if exists comments cascade 
Hibernate: 
    drop table if exists comments cascade 
09:34:10.213 [main] DEBUG org.hibernate.SQL - 
    drop table if exists posts cascade 
Hibernate: 
    drop table if exists posts cascade 
09:34:10.213 [main] DEBUG org.hibernate.SQL - 
    drop table if exists subscriptions cascade 
Hibernate: 
    drop table if exists subscriptions cascade 
09:34:10.213 [main] DEBUG org.hibernate.SQL - 
    drop table if exists themes cascade 
Hibernate: 
    drop table if exists themes cascade 
09:34:10.214 [main] DEBUG org.hibernate.SQL - 
    drop table if exists users cascade 
Hibernate: 
    drop table if exists users cascade 
09:34:10.218 [main] DEBUG org.hibernate.SQL - 
    create table comments (
        author_id bigint not null,
        created_at timestamp(6),
        id bigint generated by default as identity,
        post_id bigint not null,
        updated_at timestamp(6),
        content TEXT not null,
        primary key (id)
    )
Hibernate: 
    create table comments (
        author_id bigint not null,
        created_at timestamp(6),
        id bigint generated by default as identity,
        post_id bigint not null,
        updated_at timestamp(6),
        content TEXT not null,
        primary key (id)
    )
09:34:10.230 [main] DEBUG org.hibernate.SQL - 
    create table posts (
        author_id bigint not null,
        created_at timestamp(6),
        id bigint generated by default as identity,
        theme_id bigint not null,
        updated_at timestamp(6),
        content TEXT,
        title varchar(255) not null,
        primary key (id)
    )
Hibernate: 
    create table posts (
        author_id bigint not null,
        created_at timestamp(6),
        id bigint generated by default as identity,
        theme_id bigint not null,
        updated_at timestamp(6),
        content TEXT,
        title varchar(255) not null,
        primary key (id)
    )
09:34:10.232 [main] DEBUG org.hibernate.SQL - 
    create table subscriptions (
        subscribed_at timestamp(6),
        theme_id bigint not null,
        user_id bigint not null,
        primary key (theme_id, user_id)
    )
Hibernate: 
    create table subscriptions (
        subscribed_at timestamp(6),
        theme_id bigint not null,
        user_id bigint not null,
        primary key (theme_id, user_id)
    )
09:34:10.236 [main] DEBUG org.hibernate.SQL - 
    create table themes (
        created_at timestamp(6),
        id bigint generated by default as identity,
        updated_at timestamp(6),
        description TEXT,
        title varchar(255) not null,
        primary key (id)
    )
Hibernate: 
    create table themes (
        created_at timestamp(6),
        id bigint generated by default as identity,
        updated_at timestamp(6),
        description TEXT,
        title varchar(255) not null,
        primary key (id)
    )
09:34:10.239 [main] DEBUG org.hibernate.SQL - 
    create table users (
        created_at timestamp(6),
        id bigint generated by default as identity,
        updated_at timestamp(6),
        email varchar(255) not null unique,
        password varchar(255) not null,
        username varchar(255) not null unique,
        primary key (id)
    )
Hibernate: 
    create table users (
        created_at timestamp(6),
        id bigint generated by default as identity,
        updated_at timestamp(6),
        email varchar(255) not null unique,
        password varchar(255) not null,
        username varchar(255) not null unique,
        primary key (id)
    )
09:34:10.242 [main] DEBUG org.hibernate.SQL - 
    alter table if exists comments 
       add constraint FKn2na60ukhs76ibtpt9burkm27 
       foreign key (author_id) 
       references users
Hibernate: 
    alter table if exists comments 
       add constraint FKn2na60ukhs76ibtpt9burkm27 
       foreign key (author_id) 
       references users
09:34:10.257 [main] DEBUG org.hibernate.SQL - 
    alter table if exists comments 
       add constraint FKh4c7lvsc298whoyd4w9ta25cr 
       foreign key (post_id) 
       references posts
Hibernate: 
    alter table if exists comments 
       add constraint FKh4c7lvsc298whoyd4w9ta25cr 
       foreign key (post_id) 
       references posts
09:34:10.261 [main] DEBUG org.hibernate.SQL - 
    alter table if exists posts 
       add constraint FK6xvn0811tkyo3nfjk2xvqx6ns 
       foreign key (author_id) 
       references users
Hibernate: 
    alter table if exists posts 
       add constraint FK6xvn0811tkyo3nfjk2xvqx6ns 
       foreign key (author_id) 
       references users
09:34:10.263 [main] DEBUG org.hibernate.SQL - 
    alter table if exists posts 
       add constraint FKpvlwa732hkbn743dvsx81krrq 
       foreign key (theme_id) 
       references themes
Hibernate: 
    alter table if exists posts 
       add constraint FKpvlwa732hkbn743dvsx81krrq 
       foreign key (theme_id) 
       references themes
09:34:10.265 [main] DEBUG org.hibernate.SQL - 
    alter table if exists subscriptions 
       add constraint FK6xta1tpjwyg0lw9y5qymb8gly 
       foreign key (theme_id) 
       references themes
Hibernate: 
    alter table if exists subscriptions 
       add constraint FK6xta1tpjwyg0lw9y5qymb8gly 
       foreign key (theme_id) 
       references themes
09:34:10.268 [main] DEBUG org.hibernate.SQL - 
    alter table if exists subscriptions 
       add constraint FKhro52ohfqfbay9774bev0qinr 
       foreign key (user_id) 
       references users
Hibernate: 
    alter table if exists subscriptions 
       add constraint FKhro52ohfqfbay9774bev0qinr 
       foreign key (user_id) 
       references users
09:34:10.274 [main] INFO  o.s.o.j.LocalContainerEntityManagerFactoryBean - Initialized JPA EntityManagerFactory for persistence unit 'default'
09:34:10.714 [main] INFO  o.s.d.j.r.query.QueryEnhancerFactory - Hibernate is in classpath; If applicable, HQL parser will be used.
09:34:11.220 [main] INFO  com.elducche.mdd.security.JwtUtil - JWT Util initialisé avec succès
09:34:11.903 [main] WARN  o.s.b.a.o.j.JpaBaseConfiguration$JpaWebConfiguration - spring.jpa.open-in-view is enabled by default. Therefore, database queries may be performed during view rendering. Explicitly configure spring.jpa.open-in-view to disable this warning
09:34:11.933 [main] WARN  o.s.b.a.s.s.UserDetailsServiceAutoConfiguration - 

Using generated security password: b4c5a56a-b049-4ccc-b652-ad61ed3ed483

This generated password is for development use only. Your security configuration must be updated before running your application in production.

09:34:12.719 [main] INFO  o.s.b.a.h.H2ConsoleAutoConfiguration - H2 console available at '/h2-console'. Database available at 'jdbc:h2:mem:testdb'
09:34:12.856 [main] INFO  c.elducche.mdd.MddApplicationTests - Started MddApplicationTests in 7.179 seconds (process running for 8.408)
09:34:13.665 [main] INFO  o.s.b.t.m.w.SpringBootMockServletContext - Initializing Spring TestDispatcherServlet ''
09:34:13.666 [main] INFO  o.s.t.w.s.TestDispatcherServlet - Initializing Servlet ''
09:34:13.668 [main] INFO  o.s.t.w.s.TestDispatcherServlet - Completed initialization in 2 ms
09:34:13.693 [main] INFO  o.s.o.j.LocalContainerEntityManagerFactoryBean - Closing JPA EntityManagerFactory for persistence unit 'default'
09:34:13.695 [main] DEBUG org.hibernate.SQL - 
    drop table if exists comments cascade 
Hibernate: 
    drop table if exists comments cascade 
09:34:13.698 [main] DEBUG org.hibernate.SQL - 
    drop table if exists posts cascade 
Hibernate: 
    drop table if exists posts cascade 
09:34:13.700 [main] DEBUG org.hibernate.SQL - 
    drop table if exists subscriptions cascade 
Hibernate: 
    drop table if exists subscriptions cascade 
09:34:13.701 [main] DEBUG org.hibernate.SQL - 
    drop table if exists themes cascade 
Hibernate: 
    drop table if exists themes cascade 
09:34:13.702 [main] DEBUG org.hibernate.SQL - 
    drop table if exists users cascade 
Hibernate: 
    drop table if exists users cascade 
09:34:13.708 [main] INFO  com.zaxxer.hikari.HikariDataSource - HikariPool-1 - Shutdown initiated...
09:34:13.710 [main] INFO  com.zaxxer.hikari.HikariDataSource - HikariPool-1 - Shutdown completed.
]]></system-out>
    <system-err><![CDATA[WARNING: A Java agent has been loaded dynamically (/home/codespace/.m2/repository/net/bytebuddy/byte-buddy-agent/1.14.13/byte-buddy-agent-1.14.13.jar)
WARNING: If a serviceability tool is in use, please run with -XX:+EnableDynamicAgentLoading to hide this warning
WARNING: If a serviceability tool is not in use, please run with -Djdk.instrument.traceUsage for more information
WARNING: Dynamic loading of agents will be disallowed by default in a future release
]]></system-err>
  </testcase>
  <testcase name="contextLoads" classname="com.elducche.mdd.MddApplicationTests" time="0.037">
    <system-out><![CDATA[
  .   ____          _            __ _ _
 /\\ / ___'_ __ _ _(_)_ __  __ _ \ \ \ \
( ( )\___ | '_ | '_| | '_ \/ _` | \ \ \ \
 \\/  ___)| |_)| | | | | || (_| |  ) ) ) )
  '  |____| .__|_| |_|_| |_\__, | / / / /
 =========|_|==============|___/=/_/_/_/
 :: Spring Boot ::                (v3.2.5)

09:34:13.785 [main] INFO  c.elducche.mdd.MddApplicationTests - Starting MddApplicationTests using Java 21.0.8 with PID 24801 (started by codespace in /workspaces/P6-MDD/back/mdd)
09:34:13.785 [main] DEBUG c.elducche.mdd.MddApplicationTests - Running with Spring Boot v3.2.5, Spring v6.1.6
09:34:13.785 [main] INFO  c.elducche.mdd.MddApplicationTests - The following 1 profile is active: "test"
09:34:14.035 [main] INFO  o.s.d.r.c.RepositoryConfigurationDelegate - Bootstrapping Spring Data JPA repositories in DEFAULT mode.
09:34:14.054 [main] INFO  o.s.d.r.c.RepositoryConfigurationDelegate - Finished Spring Data repository scanning in 18 ms. Found 5 JPA repository interfaces.
09:34:14.252 [main] INFO  o.h.jpa.internal.util.LogHelper - HHH000204: Processing PersistenceUnitInfo [name: default]
09:34:14.256 [main] INFO  o.h.c.i.RegionFactoryInitiator - HHH000026: Second-level cache disabled
09:34:14.261 [main] INFO  o.s.o.j.p.SpringPersistenceUnitInfo - No LoadTimeWeaver setup: ignoring JPA class transformer
09:34:14.262 [main] INFO  com.zaxxer.hikari.HikariDataSource - HikariPool-2 - Starting...
09:34:14.263 [main] INFO  com.zaxxer.hikari.pool.HikariPool - HikariPool-2 - Added connection conn10: url=jdbc:h2:mem:testdb user=SA
09:34:14.264 [main] INFO  com.zaxxer.hikari.HikariDataSource - HikariPool-2 - Start completed.
09:34:14.264 [main] WARN  org.hibernate.orm.deprecation - HHH90000025: H2Dialect does not need to be specified explicitly using 'hibernate.dialect' (remove the property setting and it will be selected by default)
09:34:14.599 [main] INFO  o.h.e.t.j.p.i.JtaPlatformInitiator - HHH000489: No JTA platform available (set 'hibernate.transaction.jta.platform' to enable JTA platform integration)
09:34:14.600 [main] DEBUG org.hibernate.SQL - 
    drop table if exists comments cascade 
Hibernate: 
    drop table if exists comments cascade 
09:34:14.600 [main] DEBUG org.hibernate.SQL - 
    drop table if exists posts cascade 
Hibernate: 
    drop table if exists posts cascade 
09:34:14.601 [main] DEBUG org.hibernate.SQL - 
    drop table if exists subscriptions cascade 
Hibernate: 
    drop table if exists subscriptions cascade 
09:34:14.602 [main] DEBUG org.hibernate.SQL - 
    drop table if exists themes cascade 
Hibernate: 
    drop table if exists themes cascade 
09:34:14.602 [main] DEBUG org.hibernate.SQL - 
    drop table if exists users cascade 
Hibernate: 
    drop table if exists users cascade 
09:34:14.603 [main] DEBUG org.hibernate.SQL - 
    create table comments (
        author_id bigint not null,
        created_at timestamp(6),
        id bigint generated by default as identity,
        post_id bigint not null,
        updated_at timestamp(6),
        content TEXT not null,
        primary key (id)
    )
Hibernate: 
    create table comments (
        author_id bigint not null,
        created_at timestamp(6),
        id bigint generated by default as identity,
        post_id bigint not null,
        updated_at timestamp(6),
        content TEXT not null,
        primary key (id)
    )
09:34:14.604 [main] DEBUG org.hibernate.SQL - 
    create table posts (
        author_id bigint not null,
        created_at timestamp(6),
        id bigint generated by default as identity,
        theme_id bigint not null,
        updated_at timestamp(6),
        content TEXT,
        title varchar(255) not null,
        primary key (id)
    )
Hibernate: 
    create table posts (
        author_id bigint not null,
        created_at timestamp(6),
        id bigint generated by default as identity,
        theme_id bigint not null,
        updated_at timestamp(6),
        content TEXT,
        title varchar(255) not null,
        primary key (id)
    )
09:34:14.607 [main] DEBUG org.hibernate.SQL - 
    create table subscriptions (
        subscribed_at timestamp(6),
        theme_id bigint not null,
        user_id bigint not null,
        primary key (theme_id, user_id)
    )
Hibernate: 
    create table subscriptions (
        subscribed_at timestamp(6),
        theme_id bigint not null,
        user_id bigint not null,
        primary key (theme_id, user_id)
    )
09:34:14.608 [main] DEBUG org.hibernate.SQL - 
    create table themes (
        created_at timestamp(6),
        id bigint generated by default as identity,
        updated_at timestamp(6),
        description TEXT,
        title varchar(255) not null,
        primary key (id)
    )
Hibernate: 
    create table themes (
        created_at timestamp(6),
        id bigint generated by default as identity,
        updated_at timestamp(6),
        description TEXT,
        title varchar(255) not null,
        primary key (id)
    )
09:34:14.612 [main] DEBUG org.hibernate.SQL - 
    create table users (
        created_at timestamp(6),
        id bigint generated by default as identity,
        updated_at timestamp(6),
        email varchar(255) not null unique,
        password varchar(255) not null,
        username varchar(255) not null unique,
        primary key (id)
    )
Hibernate: 
    create table users (
        created_at timestamp(6),
        id bigint generated by default as identity,
        updated_at timestamp(6),
        email varchar(255) not null unique,
        password varchar(255) not null,
        username varchar(255) not null unique,
        primary key (id)
    )
09:34:14.613 [main] DEBUG org.hibernate.SQL - 
    alter table if exists comments 
       add constraint FKn2na60ukhs76ibtpt9burkm27 
       foreign key (author_id) 
       references users
Hibernate: 
    alter table if exists comments 
       add constraint FKn2na60ukhs76ibtpt9burkm27 
       foreign key (author_id) 
       references users
09:34:14.615 [main] DEBUG org.hibernate.SQL - 
    alter table if exists comments 
       add constraint FKh4c7lvsc298whoyd4w9ta25cr 
       foreign key (post_id) 
       references posts
Hibernate: 
    alter table if exists comments 
       add constraint FKh4c7lvsc298whoyd4w9ta25cr 
       foreign key (post_id) 
       references posts
09:34:14.618 [main] DEBUG org.hibernate.SQL - 
    alter table if exists posts 
       add constraint FK6xvn0811tkyo3nfjk2xvqx6ns 
       foreign key (author_id) 
       references users
Hibernate: 
    alter table if exists posts 
       add constraint FK6xvn0811tkyo3nfjk2xvqx6ns 
       foreign key (author_id) 
       references users
09:34:14.620 [main] DEBUG org.hibernate.SQL - 
    alter table if exists posts 
       add constraint FKpvlwa732hkbn743dvsx81krrq 
       foreign key (theme_id) 
       references themes
Hibernate: 
    alter table if exists posts 
       add constraint FKpvlwa732hkbn743dvsx81krrq 
       foreign key (theme_id) 
       references themes
09:34:14.623 [main] DEBUG org.hibernate.SQL - 
    alter table if exists subscriptions 
       add constraint FK6xta1tpjwyg0lw9y5qymb8gly 
       foreign key (theme_id) 
       references themes
Hibernate: 
    alter table if exists subscriptions 
       add constraint FK6xta1tpjwyg0lw9y5qymb8gly 
       foreign key (theme_id) 
       references themes
09:34:14.626 [main] DEBUG org.hibernate.SQL - 
    alter table if exists subscriptions 
       add constraint FKhro52ohfqfbay9774bev0qinr 
       foreign key (user_id) 
       references users
Hibernate: 
    alter table if exists subscriptions 
       add constraint FKhro52ohfqfbay9774bev0qinr 
       foreign key (user_id) 
       references users
09:34:14.630 [main] INFO  o.s.o.j.LocalContainerEntityManagerFactoryBean - Initialized JPA EntityManagerFactory for persistence unit 'default'
09:34:14.672 [main] INFO  com.elducche.mdd.security.JwtUtil - JWT Util initialisé avec succès
09:34:14.903 [main] WARN  o.s.b.a.o.j.JpaBaseConfiguration$JpaWebConfiguration - spring.jpa.open-in-view is enabled by default. Therefore, database queries may be performed during view rendering. Explicitly configure spring.jpa.open-in-view to disable this warning
09:34:14.911 [main] WARN  o.s.b.a.s.s.UserDetailsServiceAutoConfiguration - 

Using generated security password: c4fc0443-1043-4939-b448-c87804ea2188

This generated password is for development use only. Your security configuration must be updated before running your application in production.

09:34:15.148 [main] INFO  o.s.b.a.h.H2ConsoleAutoConfiguration - H2 console available at '/h2-console'. Database available at 'jdbc:h2:mem:testdb'
09:34:15.197 [main] INFO  c.elducche.mdd.MddApplicationTests - Started MddApplicationTests in 1.475 seconds (process running for 10.749)
09:34:15.210 [main] INFO  o.s.b.t.m.w.SpringBootMockServletContext - Initializing Spring TestDispatcherServlet ''
09:34:15.210 [main] INFO  o.s.t.w.s.TestDispatcherServlet - Initializing Servlet ''
09:34:15.212 [main] INFO  o.s.t.w.s.TestDispatcherServlet - Completed initialization in 2 ms
09:34:15.227 [main] INFO  o.s.o.j.LocalContainerEntityManagerFactoryBean - Closing JPA EntityManagerFactory for persistence unit 'default'
09:34:15.227 [main] DEBUG org.hibernate.SQL - 
    drop table if exists comments cascade 
Hibernate: 
    drop table if exists comments cascade 
09:34:15.228 [main] DEBUG org.hibernate.SQL - 
    drop table if exists posts cascade 
Hibernate: 
    drop table if exists posts cascade 
09:34:15.231 [main] DEBUG org.hibernate.SQL - 
    drop table if exists subscriptions cascade 
Hibernate: 
    drop table if exists subscriptions cascade 
09:34:15.232 [main] DEBUG org.hibernate.SQL - 
    drop table if exists themes cascade 
Hibernate: 
    drop table if exists themes cascade 
09:34:15.233 [main] DEBUG org.hibernate.SQL - 
    drop table if exists users cascade 
Hibernate: 
    drop table if exists users cascade 
09:34:15.235 [main] INFO  com.zaxxer.hikari.HikariDataSource - HikariPool-2 - Shutdown initiated...
09:34:15.238 [main] INFO  com.zaxxer.hikari.HikariDataSource - HikariPool-2 - Shutdown completed.
]]></system-out>
  </testcase>
</testsuite>